# JRE version: OpenJDK Runtime Environment (8.0_242-b01) (build 1.8.0_242-release-1644-b01)
# Java VM: OpenJDK 64-Bit Server VM (25.242-b01 mixed mode windows-amd64 compressed oops)
Heap:
 PSYoungGen      total 412160K, used 351848K [0x00000000e0000000, 0x00000000ff580000, 0x0000000100000000)
  eden space 316416K, 97% used [0x00000000e0000000,0x00000000f2e98a98,0x00000000f3500000)
  from space 95744K, 43% used [0x00000000f3500000,0x00000000f5e016e0,0x00000000f9280000)
  to   space 92160K, 0% used [0x00000000f9b80000,0x00000000f9b80000,0x00000000ff580000)
 ParOldGen       total 280064K, used 196313K [0x00000000a0000000, 0x00000000b1180000, 0x00000000e0000000)
  object space 280064K, 70% used [0x00000000a0000000,0x00000000abfb6498,0x00000000b1180000)
 Metaspace       used 128623K, capacity 139595K, committed 139796K, reserved 1171456K
  class space    used 16579K, capacity 18662K, committed 18748K, reserved 1048576K
GC Heap History (10 events):
Event: 6886.541 GC heap before
{Heap before GC invocations=32 (full 6):
 PSYoungGen      total 408576K, used 395252K [0x00000000e0000000, 0x0000000100000000, 0x0000000100000000)
  eden space 310272K, 100% used [0x00000000e0000000,0x00000000f2f00000,0x00000000f2f00000)
  from space 98304K, 86% used [0x00000000f2f00000,0x00000000f81fd288,0x00000000f8f00000)
  to   space 107008K, 0% used [0x00000000f9780000,0x00000000f9780000,0x0000000100000000)
 ParOldGen       total 282624K, used 208755K [0x00000000a0000000, 0x00000000b1400000, 0x00000000e0000000)
  object space 282624K, 73% used [0x00000000a0000000,0x00000000acbdcc28,0x00000000b1400000)
 Metaspace       used 123210K, capacity 132493K, committed 133140K, reserved 1165312K
  class space    used 15871K, capacity 17691K, committed 17980K, reserved 1048576K
Event: 6886.662 GC heap after
Heap after GC invocations=32 (full 6):
 PSYoungGen      total 419840K, used 35197K [0x00000000e0000000, 0x0000000100000000, 0x0000000100000000)
  eden space 312832K, 0% used [0x00000000e0000000,0x00000000e0000000,0x00000000f3180000)
  from space 107008K, 32% used [0x00000000f9780000,0x00000000fb9df7b0,0x0000000100000000)
  to   space 104448K, 0% used [0x00000000f3180000,0x00000000f3180000,0x00000000f9780000)
 ParOldGen       total 282624K, used 261310K [0x00000000a0000000, 0x00000000b1400000, 0x00000000e0000000)
  object space 282624K, 92% used [0x00000000a0000000,0x00000000aff2fb98,0x00000000b1400000)
 Metaspace       used 123210K, capacity 132493K, committed 133140K, reserved 1165312K
  class space    used 15871K, capacity 17691K, committed 17980K, reserved 1048576K
}
Event: 6886.663 GC heap before
{Heap before GC invocations=33 (full 7):
 PSYoungGen      total 419840K, used 35197K [0x00000000e0000000, 0x0000000100000000, 0x0000000100000000)
  eden space 312832K, 0% used [0x00000000e0000000,0x00000000e0000000,0x00000000f3180000)
  from space 107008K, 32% used [0x00000000f9780000,0x00000000fb9df7b0,0x0000000100000000)
  to   space 104448K, 0% used [0x00000000f3180000,0x00000000f3180000,0x00000000f9780000)
 ParOldGen       total 282624K, used 261310K [0x00000000a0000000, 0x00000000b1400000, 0x00000000e0000000)
  object space 282624K, 92% used [0x00000000a0000000,0x00000000aff2fb98,0x00000000b1400000)
 Metaspace       used 123210K, capacity 132493K, committed 133140K, reserved 1165312K
  class space    used 15871K, capacity 17691K, committed 17980K, reserved 1048576K
Event: 6888.699 GC heap after
Heap after GC invocations=33 (full 7):
 PSYoungGen      total 419840K, used 0K [0x00000000e0000000, 0x0000000100000000, 0x0000000100000000)
  eden space 312832K, 0% used [0x00000000e0000000,0x00000000e0000000,0x00000000f3180000)
  from space 107008K, 0% used [0x00000000f9780000,0x00000000f9780000,0x0000000100000000)
  to   space 104448K, 0% used [0x00000000f3180000,0x00000000f3180000,0x00000000f9780000)
 ParOldGen       total 280064K, used 117833K [0x00000000a0000000, 0x00000000b1180000, 0x00000000e0000000)
  object space 280064K, 42% used [0x00000000a0000000,0x00000000a7312620,0x00000000b1180000)
 Metaspace       used 123210K, capacity 132493K, committed 133140K, reserved 1165312K
  class space    used 15871K, capacity 17691K, committed 17980K, reserved 1048576K
}
Event: 7130.893 GC heap before
{Heap before GC invocations=34 (full 7):
 PSYoungGen      total 419840K, used 312832K [0x00000000e0000000, 0x0000000100000000, 0x0000000100000000)
  eden space 312832K, 100% used [0x00000000e0000000,0x00000000f3180000,0x00000000f3180000)
  from space 107008K, 0% used [0x00000000f9780000,0x00000000f9780000,0x0000000100000000)
  to   space 104448K, 0% used [0x00000000f3180000,0x00000000f3180000,0x00000000f9780000)
 ParOldGen       total 280064K, used 117833K [0x00000000a0000000, 0x00000000b1180000, 0x00000000e0000000)
  object space 280064K, 42% used [0x00000000a0000000,0x00000000a7312620,0x00000000b1180000)
 Metaspace       used 124963K, capacity 134899K, committed 135060K, reserved 1167360K
  class space    used 16104K, capacity 18012K, committed 18108K, reserved 1048576K
Event: 7131.251 GC heap after
Heap after GC invocations=34 (full 7):
 PSYoungGen      total 358912K, used 45983K [0x00000000e0000000, 0x00000000ff380000, 0x0000000100000000)
  eden space 312832K, 0% used [0x00000000e0000000,0x00000000e0000000,0x00000000f3180000)
  from space 46080K, 99% used [0x00000000f3180000,0x00000000f5e67ea8,0x00000000f5e80000)
  to   space 99328K, 0% used [0x00000000f9280000,0x00000000f9280000,0x00000000ff380000)
 ParOldGen       total 280064K, used 117841K [0x00000000a0000000, 0x00000000b1180000, 0x00000000e0000000)
  object space 280064K, 42% used [0x00000000a0000000,0x00000000a7314620,0x00000000b1180000)
 Metaspace       used 124963K, capacity 134899K, committed 135060K, reserved 1167360K
  class space    used 16104K, capacity 18012K, committed 18108K, reserved 1048576K
}
Event: 7347.220 GC heap before
{Heap before GC invocations=35 (full 7):
 PSYoungGen      total 358912K, used 358815K [0x00000000e0000000, 0x00000000ff380000, 0x0000000100000000)
  eden space 312832K, 100% used [0x00000000e0000000,0x00000000f3180000,0x00000000f3180000)
  from space 46080K, 99% used [0x00000000f3180000,0x00000000f5e67ea8,0x00000000f5e80000)
  to   space 99328K, 0% used [0x00000000f9280000,0x00000000f9280000,0x00000000ff380000)
 ParOldGen       total 280064K, used 117841K [0x00000000a0000000, 0x00000000b1180000, 0x00000000e0000000)
  object space 280064K, 42% used [0x00000000a0000000,0x00000000a7314620,0x00000000b1180000)
 Metaspace       used 125366K, capacity 135545K, committed 135828K, reserved 1167360K
  class space    used 16140K, capacity 18075K, committed 18108K, reserved 1048576K
Event: 7347.548 GC heap after
Heap after GC invocations=35 (full 7):
 PSYoungGen      total 415744K, used 41685K [0x00000000e0000000, 0x0000000100000000, 0x0000000100000000)
  eden space 316416K, 0% used [0x00000000e0000000,0x00000000e0000000,0x00000000f3500000)
  from space 99328K, 41% used [0x00000000f9280000,0x00000000fbb356f0,0x00000000ff380000)
  to   space 95744K, 0% used [0x00000000f3500000,0x00000000f3500000,0x00000000f9280000)
 ParOldGen       total 280064K, used 157751K [0x00000000a0000000, 0x00000000b1180000, 0x00000000e0000000)
  object space 280064K, 56% used [0x00000000a0000000,0x00000000a9a0dff8,0x00000000b1180000)
 Metaspace       used 125366K, capacity 135545K, committed 135828K, reserved 1167360K
  class space    used 16140K, capacity 18075K, committed 18108K, reserved 1048576K
}
Event: 7564.606 GC heap before
{Heap before GC invocations=36 (full 7):
 PSYoungGen      total 415744K, used 358101K [0x00000000e0000000, 0x0000000100000000, 0x0000000100000000)
  eden space 316416K, 100% used [0x00000000e0000000,0x00000000f3500000,0x00000000f3500000)
  from space 99328K, 41% used [0x00000000f9280000,0x00000000fbb356f0,0x00000000ff380000)
  to   space 95744K, 0% used [0x00000000f3500000,0x00000000f3500000,0x00000000f9280000)
 ParOldGen       total 280064K, used 157751K [0x00000000a0000000, 0x00000000b1180000, 0x00000000e0000000)
  object space 280064K, 56% used [0x00000000a0000000,0x00000000a9a0dff8,0x00000000b1180000)
 Metaspace       used 125576K, capacity 135663K, committed 135828K, reserved 1167360K
  class space    used 16145K, capacity 18082K, committed 18108K, reserved 1048576K
Event: 7565.329 GC heap after
Heap after GC invocations=36 (full 7):
 PSYoungGen      total 412160K, used 41989K [0x00000000e0000000, 0x00000000ff580000, 0x0000000100000000)
  eden space 316416K, 0% used [0x00000000e0000000,0x00000000e0000000,0x00000000f3500000)
  from space 95744K, 43% used [0x00000000f3500000,0x00000000f5e016e0,0x00000000f9280000)
  to   space 92160K, 0% used [0x00000000f9b80000,0x00000000f9b80000,0x00000000ff580000)
 ParOldGen       total 280064K, used 196313K [0x00000000a0000000, 0x00000000b1180000, 0x00000000e0000000)
  object space 280064K, 70% used [0x00000000a0000000,0x00000000abfb6498,0x00000000b1180000)
 Metaspace       used 125576K, capacity 135663K, committed 135828K, reserved 1167360K
  class space    used 16145K, capacity 18082K, committed 18108K, reserved 1048576K
}

