# JRE version: OpenJDK Runtime Environment (8.0_242-b01) (build 1.8.0_242-release-1644-b01)
# Java VM: OpenJDK 64-Bit Server VM (25.242-b01 mixed mode windows-amd64 compressed oops)
Heap:
 PSYoungGen      total 149504K, used 101428K [0x00000000e0000000, 0x00000000ea900000, 0x0000000100000000)
  eden space 135680K, 74% used [0x00000000e0000000,0x00000000e630d0a0,0x00000000e8480000)
  from space 13824K, 0% used [0x00000000e8480000,0x00000000e8480000,0x00000000e9200000)
  to   space 14848K, 0% used [0x00000000e9a80000,0x00000000e9a80000,0x00000000ea900000)
 ParOldGen       total 77824K, used 41013K [0x00000000a0000000, 0x00000000a4c00000, 0x00000000e0000000)
  object space 77824K, 52% used [0x00000000a0000000,0x00000000a280d5b0,0x00000000a4c00000)
 Metaspace       used 59039K, capacity 62070K, committed 62100K, reserved 1101824K
  class space    used 8078K, capacity 8888K, committed 8892K, reserved 1048576K
GC Heap History (10 events):
Event: 15.837 GC heap before
{Heap before GC invocations=14 (full 2):
 PSYoungGen      total 104448K, used 92672K [0x00000000e0000000, 0x00000000e9f80000, 0x0000000100000000)
  eden space 92672K, 100% used [0x00000000e0000000,0x00000000e5a80000,0x00000000e5a80000)
  from space 11776K, 0% used [0x00000000e5a80000,0x00000000e5a80000,0x00000000e6600000)
  to   space 11776K, 0% used [0x00000000e9400000,0x00000000e9400000,0x00000000e9f80000)
 ParOldGen       total 77824K, used 15174K [0x00000000a0000000, 0x00000000a4c00000, 0x00000000e0000000)
  object space 77824K, 19% used [0x00000000a0000000,0x00000000a0ed1810,0x00000000a4c00000)
 Metaspace       used 43270K, capacity 44473K, committed 44632K, reserved 1087488K
  class space    used 5839K, capacity 6162K, committed 6272K, reserved 1048576K
Event: 15.854 GC heap after
Heap after GC invocations=14 (full 2):
 PSYoungGen      total 128000K, used 11764K [0x00000000e0000000, 0x00000000e9f80000, 0x0000000100000000)
  eden space 116224K, 0% used [0x00000000e0000000,0x00000000e0000000,0x00000000e7180000)
  from space 11776K, 99% used [0x00000000e9400000,0x00000000e9f7d058,0x00000000e9f80000)
  to   space 13824K, 0% used [0x00000000e8480000,0x00000000e8480000,0x00000000e9200000)
 ParOldGen       total 77824K, used 16164K [0x00000000a0000000, 0x00000000a4c00000, 0x00000000e0000000)
  object space 77824K, 20% used [0x00000000a0000000,0x00000000a0fc93a8,0x00000000a4c00000)
 Metaspace       used 43270K, capacity 44473K, committed 44632K, reserved 1087488K
  class space    used 5839K, capacity 6162K, committed 6272K, reserved 1048576K
}
Event: 20.003 GC heap before
{Heap before GC invocations=15 (full 2):
 PSYoungGen      total 128000K, used 127988K [0x00000000e0000000, 0x00000000e9f80000, 0x0000000100000000)
  eden space 116224K, 100% used [0x00000000e0000000,0x00000000e7180000,0x00000000e7180000)
  from space 11776K, 99% used [0x00000000e9400000,0x00000000e9f7d058,0x00000000e9f80000)
  to   space 13824K, 0% used [0x00000000e8480000,0x00000000e8480000,0x00000000e9200000)
 ParOldGen       total 77824K, used 16164K [0x00000000a0000000, 0x00000000a4c00000, 0x00000000e0000000)
  object space 77824K, 20% used [0x00000000a0000000,0x00000000a0fc93a8,0x00000000a4c00000)
 Metaspace       used 49217K, capacity 50725K, committed 51032K, reserved 1093632K
  class space    used 6580K, capacity 6986K, committed 7040K, reserved 1048576K
Event: 20.023 GC heap after
Heap after GC invocations=15 (full 2):
 PSYoungGen      total 149504K, used 11234K [0x00000000e0000000, 0x00000000ea900000, 0x0000000100000000)
  eden space 135680K, 0% used [0x00000000e0000000,0x00000000e0000000,0x00000000e8480000)
  from space 13824K, 81% used [0x00000000e8480000,0x00000000e8f78bc8,0x00000000e9200000)
  to   space 14848K, 0% used [0x00000000e9a80000,0x00000000e9a80000,0x00000000ea900000)
 ParOldGen       total 77824K, used 22592K [0x00000000a0000000, 0x00000000a4c00000, 0x00000000e0000000)
  object space 77824K, 29% used [0x00000000a0000000,0x00000000a1610368,0x00000000a4c00000)
 Metaspace       used 49217K, capacity 50725K, committed 51032K, reserved 1093632K
  class space    used 6580K, capacity 6986K, committed 7040K, reserved 1048576K
}
Event: 24.005 GC heap before
{Heap before GC invocations=16 (full 2):
 PSYoungGen      total 149504K, used 146914K [0x00000000e0000000, 0x00000000ea900000, 0x0000000100000000)
  eden space 135680K, 100% used [0x00000000e0000000,0x00000000e8480000,0x00000000e8480000)
  from space 13824K, 81% used [0x00000000e8480000,0x00000000e8f78bc8,0x00000000e9200000)
  to   space 14848K, 0% used [0x00000000e9a80000,0x00000000e9a80000,0x00000000ea900000)
 ParOldGen       total 77824K, used 22592K [0x00000000a0000000, 0x00000000a4c00000, 0x00000000e0000000)
  object space 77824K, 29% used [0x00000000a0000000,0x00000000a1610368,0x00000000a4c00000)
 Metaspace       used 55735K, capacity 58057K, committed 58328K, reserved 1099776K
  class space    used 7634K, capacity 8144K, committed 8192K, reserved 1048576K
Event: 24.022 GC heap after
Heap after GC invocations=16 (full 2):
 PSYoungGen      total 150528K, used 14829K [0x00000000e0000000, 0x00000000ea900000, 0x0000000100000000)
  eden space 135680K, 0% used [0x00000000e0000000,0x00000000e0000000,0x00000000e8480000)
  from space 14848K, 99% used [0x00000000e9a80000,0x00000000ea8fb6d0,0x00000000ea900000)
  to   space 13824K, 0% used [0x00000000e8480000,0x00000000e8480000,0x00000000e9200000)
 ParOldGen       total 77824K, used 29280K [0x00000000a0000000, 0x00000000a4c00000, 0x00000000e0000000)
  object space 77824K, 37% used [0x00000000a0000000,0x00000000a1c982e0,0x00000000a4c00000)
 Metaspace       used 55735K, capacity 58057K, committed 58328K, reserved 1099776K
  class space    used 7634K, capacity 8144K, committed 8192K, reserved 1048576K
}
Event: 24.957 GC heap before
{Heap before GC invocations=17 (full 2):
 PSYoungGen      total 150528K, used 40739K [0x00000000e0000000, 0x00000000ea900000, 0x0000000100000000)
  eden space 135680K, 19% used [0x00000000e0000000,0x00000000e194d598,0x00000000e8480000)
  from space 14848K, 99% used [0x00000000e9a80000,0x00000000ea8fb6d0,0x00000000ea900000)
  to   space 13824K, 0% used [0x00000000e8480000,0x00000000e8480000,0x00000000e9200000)
 ParOldGen       total 77824K, used 29280K [0x00000000a0000000, 0x00000000a4c00000, 0x00000000e0000000)
  object space 77824K, 37% used [0x00000000a0000000,0x00000000a1c982e0,0x00000000a4c00000)
 Metaspace       used 56601K, capacity 58957K, committed 59028K, reserved 1099776K
  class space    used 7761K, capacity 8351K, committed 8380K, reserved 1048576K
Event: 24.969 GC heap after
Heap after GC invocations=17 (full 2):
 PSYoungGen      total 149504K, used 4096K [0x00000000e0000000, 0x00000000ea900000, 0x0000000100000000)
  eden space 135680K, 0% used [0x00000000e0000000,0x00000000e0000000,0x00000000e8480000)
  from space 13824K, 29% used [0x00000000e8480000,0x00000000e8880000,0x00000000e9200000)
  to   space 14848K, 0% used [0x00000000e9a80000,0x00000000e9a80000,0x00000000ea900000)
 ParOldGen       total 77824K, used 44084K [0x00000000a0000000, 0x00000000a4c00000, 0x00000000e0000000)
  object space 77824K, 56% used [0x00000000a0000000,0x00000000a2b0d110,0x00000000a4c00000)
 Metaspace       used 56601K, capacity 58957K, committed 59028K, reserved 1099776K
  class space    used 7761K, capacity 8351K, committed 8380K, reserved 1048576K
}
Event: 24.969 GC heap before
{Heap before GC invocations=18 (full 3):
 PSYoungGen      total 149504K, used 4096K [0x00000000e0000000, 0x00000000ea900000, 0x0000000100000000)
  eden space 135680K, 0% used [0x00000000e0000000,0x00000000e0000000,0x00000000e8480000)
  from space 13824K, 29% used [0x00000000e8480000,0x00000000e8880000,0x00000000e9200000)
  to   space 14848K, 0% used [0x00000000e9a80000,0x00000000e9a80000,0x00000000ea900000)
 ParOldGen       total 77824K, used 44084K [0x00000000a0000000, 0x00000000a4c00000, 0x00000000e0000000)
  object space 77824K, 56% used [0x00000000a0000000,0x00000000a2b0d110,0x00000000a4c00000)
 Metaspace       used 56601K, capacity 58957K, committed 59028K, reserved 1099776K
  class space    used 7761K, capacity 8351K, committed 8380K, reserved 1048576K
Event: 25.144 GC heap after
Heap after GC invocations=18 (full 3):
 PSYoungGen      total 149504K, used 0K [0x00000000e0000000, 0x00000000ea900000, 0x0000000100000000)
  eden space 135680K, 0% used [0x00000000e0000000,0x00000000e0000000,0x00000000e8480000)
  from space 13824K, 0% used [0x00000000e8480000,0x00000000e8480000,0x00000000e9200000)
  to   space 14848K, 0% used [0x00000000e9a80000,0x00000000e9a80000,0x00000000ea900000)
 ParOldGen       total 77824K, used 41013K [0x00000000a0000000, 0x00000000a4c00000, 0x00000000e0000000)
  object space 77824K, 52% used [0x00000000a0000000,0x00000000a280d5b0,0x00000000a4c00000)
 Metaspace       used 56588K, capacity 58914K, committed 59028K, reserved 1099776K
  class space    used 7757K, capacity 8343K, committed 8380K, reserved 1048576K
}

